ncsim(64): 15.20-s051: (c) Copyright 1995-2018 Cadence Design Systems, Inc.

-------------------------------------
Relinquished control to SimVision...
ncsim> 
ncsim> database -open waves -into waves.shm -default
Created default SHM database waves
ncsim> probe -create -shm sram_tb.d_out sram_tb.addr sram_tb.cs sram_tb.d_in sram_tb.k sram_tb.myseed sram_tb.p sram_tb.wr
Created probe 1
ncsim> run
Address     0, data    0
Address     1, data    2
Address     2, data    4
Address     3, data    6
Address     4, data    8
Address     5, data   10
Address     6, data   12
Address     7, data   14
Address     8, data   16
Address     9, data   18
Address    10, data   20
Address    11, data   22
Address    12, data   24
Address    13, data   26
Address    14, data   28
Address    15, data   30
Address    16, data   32
Address    17, data   34
Address    18, data   36
Address    19, data   38
Address    20, data   40
Address    21, data   42
Address    22, data   44
Address    23, data   46
Address    24, data   48
Address    25, data   50
Address    26, data   52
Address    27, data   54
Address    28, data   56
Address    29, data   58
Address    30, data   60
Address    31, data   62
Address    32, data   64
Address    33, data   66
Address    34, data   68
Address    35, data   70
Address    36, data   72
Address    37, data   74
Address    38, data   76
Address    39, data   78
Address    40, data   80
Address    41, data   82
Address    42, data   84
Address    43, data   86
Address    44, data   88
Address    45, data   90
Address    46, data   92
Address    47, data   94
Address    48, data   96
Address    49, data   98
Address    50, data  100
Address     0, data    x
Address     1, data    x
Address     2, data    x
Address     3, data    x
Address     4, data    x
Address     5, data    x
Address     6, data    x
Address     7, data    x
Address     8, data    x
Address     9, data    x
Address    10, data    x
Address    11, data    x
Address    12, data    x
Address    13, data    x
Address    14, data    x
Address    15, data    x
Address    16, data    x
Address    17, data    x
Address    18, data    x
Address    19, data    x
ncsim: *W,RNQUIE: Simulation is complete.
ncsim> ^C
ncsim> exit
ncsim: Memory Usage - 38.6M program + 181.6M data = 220.2M total (223.8M Peak)
ncsim: CPU Usage - 1.7s system + 1.0s user = 2.7s total (88.5s, 3.0% cpu)
