ncsim(64): 15.20-s051: (c) Copyright 1995-2018 Cadence Design Systems, Inc.

-------------------------------------
Relinquished control to SimVision...
ncsim> 
ncsim> database -open waves -into waves.shm -default
Created default SHM database waves
ncsim> probe -create -shm regg_test.addr regg_test.clk1 regg_test.clk2 regg_test.f regg_test.func regg_test.k regg_test.r1 regg_test.r2 regg_test.rd regg_test.myregg.a regg_test.myregg.addr regg_test.myregg.addr_l12 regg_test.myregg.addr_l21 regg_test.myregg.addr_l31 regg_test.myregg.b regg_test.myregg.clk1 regg_test.myregg.clk2 regg_test.myregg.f regg_test.myregg.fun_l12 regg_test.myregg.func regg_test.myregg.mem regg_test.myregg.r1 regg_test.myregg.r2 regg_test.myregg.rd regg_test.myregg.rd_l12 regg_test.myregg.rd_l21 regg_test.myregg.regbank regg_test.myregg.z_l12 regg_test.myregg.z_l31
Created probe 1
ncsim> run
Time:  0, f=  x
Time: 27, f=  8
Time: 47, f=  2
Time: 67, f= 40
Time: 87, f=  3
Time:107, f=  5
mem[125] =   8
mem[126] =   x
mem[127] =   2
mem[128] =  40
mem[129] =   3
mem[130] =   5
Simulation complete via $finish(1) at time 300 NS + 0
./register.v:51  #300 $finish;
ncsim> ncsim: Memory Usage - 38.6M program + 193.0M data = 231.6M total (235.3M Peak)
ncsim: CPU Usage - 5.3s system + 9.0s user = 14.3s total (421.7s, 3.4% cpu)
